-------------------------------------------------------------------------------
Test set: com.devwebsphere.mp.test.TestObjectGridLocally
-------------------------------------------------------------------------------
Tests run: 1, Failures: 1, Errors: 0, Skipped: 0, Time elapsed: 1.987 sec <<< FAILURE!
test_TestJPALoader(com.devwebsphere.mp.test.TestObjectGridLocally)  Time elapsed: 1.91 sec  <<< FAILURE!
junit.framework.AssertionFailedError: Exception: com.ibm.websphere.objectgrid.plugins.LoaderException: Exception caught in ObjectGrid Grid map PartitionMap: There were errors initializing your configuration: <openjpa-1.2.1-r752877:753278 fatal user error> org.apache.openjpa.util.UserException: A connection could not be obtained for driver class "com.mysql.jdbc.Driver" and URL "jdbc:mysql://localhost/TEST".  You may have specified an invalid URL.
	at org.apache.openjpa.jdbc.schema.DataSourceFactory.newConnectException(DataSourceFactory.java:256)
	at org.apache.openjpa.jdbc.schema.DataSourceFactory.installDBDictionary(DataSourceFactory.java:242)
	at org.apache.openjpa.jdbc.conf.JDBCConfigurationImpl.getConnectionFactory(JDBCConfigurationImpl.java:692)
	at sun.reflect.NativeMethodAccessorImpl.invoke0(Native Method)
	at sun.reflect.NativeMethodAccessorImpl.invoke(NativeMethodAccessorImpl.java:39)
	at sun.reflect.DelegatingMethodAccessorImpl.invoke(DelegatingMethodAccessorImpl.java:25)
	at java.lang.reflect.Method.invoke(Method.java:597)
	at org.apache.openjpa.lib.conf.ConfigurationImpl.instantiateAll(ConfigurationImpl.java:288)
	at org.apache.openjpa.conf.OpenJPAConfigurationImpl.instantiateAll(OpenJPAConfigurationImpl.java:1432)
	at org.apache.openjpa.kernel.AbstractBrokerFactory.makeReadOnly(AbstractBrokerFactory.java:646)
	at org.apache.openjpa.kernel.AbstractBrokerFactory.newBroker(AbstractBrokerFactory.java:183)
	at org.apache.openjpa.kernel.DelegatingBrokerFactory.newBroker(DelegatingBrokerFactory.java:142)
	at org.apache.openjpa.persistence.EntityManagerFactoryImpl.createEntityManager(EntityManagerFactoryImpl.java:192)
	at org.apache.openjpa.persistence.EntityManagerFactoryImpl.createEntityManager(EntityManagerFactoryImpl.java:145)
	at org.apache.openjpa.persistence.EntityManagerFactoryImpl.createEntityManager(EntityManagerFactoryImpl.java:56)
	at com.ibm.websphere.objectgrid.jpa.JPATxCallback.getEntityManager(JPATxCallback.java:339)
	at com.ibm.websphere.objectgrid.jpa.JPALoader.get(JPALoader.java:312)
	at com.ibm.ws.objectgrid.map.BaseMap.getRaw(BaseMap.java:2959)
	at com.ibm.ws.objectgrid.DiffMap.lookForKey(DiffMap.java:790)
	at com.ibm.ws.objectgrid.DiffMap.get(DiffMap.java:670)
	at com.ibm.ws.objectgrid.ObjectMapImpl.get(ObjectMapImpl.java:411)
	at com.ibm.ws.objectgrid.ObjectMapImpl.get(ObjectMapImpl.java:385)
	at com.devwebsphere.mp.test.TestObjectGridLocally.test_TestJPALoader(TestObjectGridLocally.java:38)
	at sun.reflect.NativeMethodAccessorImpl.invoke0(Native Method)
	at sun.reflect.NativeMethodAccessorImpl.invoke(NativeMethodAccessorImpl.java:39)
	at sun.reflect.DelegatingMethodAccessorImpl.invoke(DelegatingMethodAccessorImpl.java:25)
	at java.lang.reflect.Method.invoke(Method.java:597)
	at junit.framework.TestCase.runTest(TestCase.java:168)
	at junit.framework.TestCase.runBare(TestCase.java:134)
	at junit.framework.TestResult$1.protect(TestResult.java:110)
	at junit.framework.TestResult.runProtected(TestResult.java:128)
	at junit.framework.TestResult.run(TestResult.java:113)
	at junit.framework.TestCase.run(TestCase.java:124)
	at junit.framework.TestSuite.runTest(TestSuite.java:232)
	at junit.framework.TestSuite.run(TestSuite.java:227)
	at org.junit.internal.runners.JUnit38ClassRunner.run(JUnit38ClassRunner.java:83)
	at org.apache.maven.surefire.junit4.JUnit4TestSet.execute(JUnit4TestSet.java:62)
	at org.apache.maven.surefire.suite.AbstractDirectoryTestSuite.executeTestSet(AbstractDirectoryTestSuite.java:140)
	at org.apache.maven.surefire.suite.AbstractDirectoryTestSuite.execute(AbstractDirectoryTestSuite.java:127)
	at org.apache.maven.surefire.Surefire.run(Surefire.java:177)
	at sun.reflect.NativeMethodAccessorImpl.invoke0(Native Method)
	at sun.reflect.NativeMethodAccessorImpl.invoke(NativeMethodAccessorImpl.java:39)
	at sun.reflect.DelegatingMethodAccessorImpl.invoke(DelegatingMethodAccessorImpl.java:25)
	at java.lang.reflect.Method.invoke(Method.java:597)
	at org.apache.maven.surefire.booter.SurefireBooter.runSuitesInProcess(SurefireBooter.java:345)
	at org.apache.maven.surefire.booter.SurefireBooter.main(SurefireBooter.java:1009)
Caused by: com.mysql.jdbc.exceptions.jdbc4.CommunicationsException: Communications link failure

The last packet sent successfully to the server was 0 milliseconds ago. The driver has not received any packets from the server.
	at sun.reflect.NativeConstructorAccessorImpl.newInstance0(Native Method)
	at sun.reflect.NativeConstructorAccessorImpl.newInstance(NativeConstructorAccessorImpl.java:39)
	at sun.reflect.DelegatingConstructorAccessorImpl.newInstance(DelegatingConstructorAccessorImpl.java:27)
	at java.lang.reflect.Constructor.newInstance(Constructor.java:513)
	at com.mysql.jdbc.Util.handleNewInstance(Util.java:406)
	at com.mysql.jdbc.SQLError.createCommunicationsException(SQLError.java:1074)
	at com.mysql.jdbc.ConnectionImpl.createNewIO(ConnectionImpl.java:2214)
	at com.mysql.jdbc.ConnectionImpl.<init>(ConnectionImpl.java:781)
	at com.mysql.jdbc.JDBC4Connection.<init>(JDBC4Connection.java:46)
	at sun.reflect.NativeConstructorAccessorImpl.newInstance0(Native Method)
	at sun.reflect.NativeConstructorAccessorImpl.newInstance(NativeConstructorAccessorImpl.java:39)
	at sun.reflect.DelegatingConstructorAccessorImpl.newInstance(DelegatingConstructorAccessorImpl.java:27)
	at java.lang.reflect.Constructor.newInstance(Constructor.java:513)
	at com.mysql.jdbc.Util.handleNewInstance(Util.java:406)
	at com.mysql.jdbc.ConnectionImpl.getInstance(ConnectionImpl.java:352)
	at com.mysql.jdbc.NonRegisteringDriver.connect(NonRegisteringDriver.java:284)
	at org.apache.openjpa.jdbc.schema.SimpleDriverDataSource.getConnection(SimpleDriverDataSource.java:81)
	at org.apache.openjpa.jdbc.schema.SimpleDriverDataSource.getConnection(SimpleDriverDataSource.java:60)
	at org.apache.openjpa.lib.jdbc.DelegatingDataSource.getConnection(DelegatingDataSource.java:112)
	at org.apache.openjpa.lib.jdbc.DecoratingDataSource.getConnection(DecoratingDataSource.java:93)
	at org.apache.openjpa.jdbc.schema.DataSourceFactory.installDBDictionary(DataSourceFactory.java:234)
	... 44 more
Caused by: com.mysql.jdbc.exceptions.jdbc4.CommunicationsException: Communications link failure

The last packet sent successfully to the server was 0 milliseconds ago. The driver has not received any packets from the server.
	at sun.reflect.NativeConstructorAccessorImpl.newInstance0(Native Method)
	at sun.reflect.NativeConstructorAccessorImpl.newInstance(NativeConstructorAccessorImpl.java:39)
	at sun.reflect.DelegatingConstructorAccessorImpl.newInstance(DelegatingConstructorAccessorImpl.java:27)
	at java.lang.reflect.Constructor.newInstance(Constructor.java:513)
	at com.mysql.jdbc.Util.handleNewInstance(Util.java:406)
	at com.mysql.jdbc.SQLError.createCommunicationsException(SQLError.java:1074)
	at com.mysql.jdbc.MysqlIO.<init>(MysqlIO.java:343)
	at com.mysql.jdbc.ConnectionImpl.createNewIO(ConnectionImpl.java:2137)
	... 58 more
Caused by: java.net.ConnectException: Connection refused
	at java.net.PlainSocketImpl.socketConnect(Native Method)
	at java.net.PlainSocketImpl.doConnect(PlainSocketImpl.java:333)
	at java.net.PlainSocketImpl.connectToAddress(PlainSocketImpl.java:195)
	at java.net.PlainSocketImpl.connect(PlainSocketImpl.java:182)
	at java.net.SocksSocketImpl.connect(SocksSocketImpl.java:432)
	at java.net.Socket.connect(Socket.java:525)
	at java.net.Socket.connect(Socket.java:475)
	at java.net.Socket.<init>(Socket.java:372)
	at java.net.Socket.<init>(Socket.java:215)
	at com.mysql.jdbc.StandardSocketFactory.connect(StandardSocketFactory.java:253)
	at com.mysql.jdbc.MysqlIO.<init>(MysqlIO.java:292)
	... 59 more

	at junit.framework.Assert.fail(Assert.java:47)
	at com.devwebsphere.mp.test.TestObjectGridLocally.test_TestJPALoader(TestObjectGridLocally.java:44)
	at sun.reflect.NativeMethodAccessorImpl.invoke0(Native Method)
	at sun.reflect.NativeMethodAccessorImpl.invoke(NativeMethodAccessorImpl.java:39)
	at sun.reflect.DelegatingMethodAccessorImpl.invoke(DelegatingMethodAccessorImpl.java:25)
	at java.lang.reflect.Method.invoke(Method.java:597)
	at junit.framework.TestCase.runTest(TestCase.java:168)
	at junit.framework.TestCase.runBare(TestCase.java:134)
	at junit.framework.TestResult$1.protect(TestResult.java:110)
	at junit.framework.TestResult.runProtected(TestResult.java:128)
	at junit.framework.TestResult.run(TestResult.java:113)
	at junit.framework.TestCase.run(TestCase.java:124)
	at junit.framework.TestSuite.runTest(TestSuite.java:232)
	at junit.framework.TestSuite.run(TestSuite.java:227)
	at org.junit.internal.runners.JUnit38ClassRunner.run(JUnit38ClassRunner.java:83)
	at org.apache.maven.surefire.junit4.JUnit4TestSet.execute(JUnit4TestSet.java:62)
	at org.apache.maven.surefire.suite.AbstractDirectoryTestSuite.executeTestSet(AbstractDirectoryTestSuite.java:140)
	at org.apache.maven.surefire.suite.AbstractDirectoryTestSuite.execute(AbstractDirectoryTestSuite.java:127)
	at org.apache.maven.surefire.Surefire.run(Surefire.java:177)
	at sun.reflect.NativeMethodAccessorImpl.invoke0(Native Method)
	at sun.reflect.NativeMethodAccessorImpl.invoke(NativeMethodAccessorImpl.java:39)
	at sun.reflect.DelegatingMethodAccessorImpl.invoke(DelegatingMethodAccessorImpl.java:25)
	at java.lang.reflect.Method.invoke(Method.java:597)
	at org.apache.maven.surefire.booter.SurefireBooter.runSuitesInProcess(SurefireBooter.java:345)
	at org.apache.maven.surefire.booter.SurefireBooter.main(SurefireBooter.java:1009)

